CRITICAL - 2025-05-09 14:44:57 --> CodeIgniter\Session\Exceptions\SessionException: Session: Configured save path "C:\Users\INFINIX\OneDrive\PWL\projek\writable\session" is not writable by the PHP process.
in SYSTEMPATH\Session\Handlers\FileHandler.php on line 101.
 1 SYSTEMPATH\Session\Handlers\FileHandler.php(101): CodeIgniter\Session\Exceptions\SessionException::forWriteProtectedSavePath('C:\\Users\\INFINIX\\OneDrive\\PWL\\projek\\writable\\session')
 2 [internal function]: CodeIgniter\Session\Handlers\FileHandler->open('C:\\Users\\INFINIX\\OneDrive\\PWL\\projek\\writable\\session', 'ci_session')
 3 SYSTEMPATH\Session\Session.php(919): session_start()
 4 SYSTEMPATH\Session\Session.php(241): CodeIgniter\Session\Session->startSession()
 5 SYSTEMPATH\Config\Services.php(693): CodeIgniter\Session\Session->start()
 6 SYSTEMPATH\Config\BaseService.php(258): CodeIgniter\Config\Services::session(Object(Config\Session), false)
 7 SYSTEMPATH\Config\BaseService.php(199): CodeIgniter\Config\BaseService::__callStatic('session', [...])
 8 SYSTEMPATH\Config\Services.php(664): CodeIgniter\Config\BaseService::getSharedInstance('session', null)
 9 SYSTEMPATH\Config\BaseService.php(258): CodeIgniter\Config\Services::session()
10 SYSTEMPATH\Common.php(982): CodeIgniter\Config\BaseService::__callStatic('session', [])
11 APPPATH\Filters\Auth.php(14): session()
12 SYSTEMPATH\Filters\Filters.php(182): App\Filters\Auth->before(Object(CodeIgniter\HTTP\IncomingRequest), null)
13 SYSTEMPATH\CodeIgniter.php(474): CodeIgniter\Filters\Filters->run('', 'before')
14 SYSTEMPATH\CodeIgniter.php(361): CodeIgniter\CodeIgniter->handleRequest(null, Object(Config\Cache), false)
15 FCPATH\index.php(79): CodeIgniter\CodeIgniter->run()
16 SYSTEMPATH\Commands\Server\rewrite.php(47): require_once('C:\\Users\\INFINIX\\OneDrive\\PWL\\projek\\public\\index.php')
CRITICAL - 2025-05-09 14:45:21 --> CodeIgniter\Session\Exceptions\SessionException: Session: Configured save path "C:\Users\INFINIX\OneDrive\PWL\projek\writable\session" is not writable by the PHP process.
in SYSTEMPATH\Session\Handlers\FileHandler.php on line 101.
 1 SYSTEMPATH\Session\Handlers\FileHandler.php(101): CodeIgniter\Session\Exceptions\SessionException::forWriteProtectedSavePath('C:\\Users\\INFINIX\\OneDrive\\PWL\\projek\\writable\\session')
 2 [internal function]: CodeIgniter\Session\Handlers\FileHandler->open('C:\\Users\\INFINIX\\OneDrive\\PWL\\projek\\writable\\session', 'ci_session')
 3 SYSTEMPATH\Session\Session.php(919): session_start()
 4 SYSTEMPATH\Session\Session.php(241): CodeIgniter\Session\Session->startSession()
 5 SYSTEMPATH\Config\Services.php(693): CodeIgniter\Session\Session->start()
 6 SYSTEMPATH\Config\BaseService.php(258): CodeIgniter\Config\Services::session(Object(Config\Session), false)
 7 SYSTEMPATH\Config\BaseService.php(199): CodeIgniter\Config\BaseService::__callStatic('session', [...])
 8 SYSTEMPATH\Config\Services.php(664): CodeIgniter\Config\BaseService::getSharedInstance('session', null)
 9 SYSTEMPATH\Config\BaseService.php(258): CodeIgniter\Config\Services::session()
10 SYSTEMPATH\Common.php(982): CodeIgniter\Config\BaseService::__callStatic('session', [])
11 APPPATH\Filters\Auth.php(14): session()
12 SYSTEMPATH\Filters\Filters.php(182): App\Filters\Auth->before(Object(CodeIgniter\HTTP\IncomingRequest), null)
13 SYSTEMPATH\CodeIgniter.php(474): CodeIgniter\Filters\Filters->run('', 'before')
14 SYSTEMPATH\CodeIgniter.php(361): CodeIgniter\CodeIgniter->handleRequest(null, Object(Config\Cache), false)
15 FCPATH\index.php(79): CodeIgniter\CodeIgniter->run()
16 SYSTEMPATH\Commands\Server\rewrite.php(47): require_once('C:\\Users\\INFINIX\\OneDrive\\PWL\\projek\\public\\index.php')
CRITICAL - 2025-05-09 14:46:34 --> CodeIgniter\Session\Exceptions\SessionException: Session: Configured save path "C:\Users\INFINIX\OneDrive\PWL\projek\writable\session" is not writable by the PHP process.
in SYSTEMPATH\Session\Handlers\FileHandler.php on line 101.
 1 SYSTEMPATH\Session\Handlers\FileHandler.php(101): CodeIgniter\Session\Exceptions\SessionException::forWriteProtectedSavePath('C:\\Users\\INFINIX\\OneDrive\\PWL\\projek\\writable\\session')
 2 [internal function]: CodeIgniter\Session\Handlers\FileHandler->open('C:\\Users\\INFINIX\\OneDrive\\PWL\\projek\\writable\\session', 'ci_session')
 3 SYSTEMPATH\Session\Session.php(919): session_start()
 4 SYSTEMPATH\Session\Session.php(241): CodeIgniter\Session\Session->startSession()
 5 SYSTEMPATH\Config\Services.php(693): CodeIgniter\Session\Session->start()
 6 SYSTEMPATH\Config\BaseService.php(258): CodeIgniter\Config\Services::session(Object(Config\Session), false)
 7 SYSTEMPATH\Config\BaseService.php(199): CodeIgniter\Config\BaseService::__callStatic('session', [...])
 8 SYSTEMPATH\Config\Services.php(664): CodeIgniter\Config\BaseService::getSharedInstance('session', null)
 9 SYSTEMPATH\Config\BaseService.php(258): CodeIgniter\Config\Services::session()
10 SYSTEMPATH\Common.php(982): CodeIgniter\Config\BaseService::__callStatic('session', [])
11 APPPATH\Filters\Auth.php(14): session()
12 SYSTEMPATH\Filters\Filters.php(182): App\Filters\Auth->before(Object(CodeIgniter\HTTP\IncomingRequest), null)
13 SYSTEMPATH\CodeIgniter.php(474): CodeIgniter\Filters\Filters->run('', 'before')
14 SYSTEMPATH\CodeIgniter.php(361): CodeIgniter\CodeIgniter->handleRequest(null, Object(Config\Cache), false)
15 FCPATH\index.php(79): CodeIgniter\CodeIgniter->run()
16 SYSTEMPATH\Commands\Server\rewrite.php(47): require_once('C:\\Users\\INFINIX\\OneDrive\\PWL\\projek\\public\\index.php')
CRITICAL - 2025-05-09 14:46:45 --> CodeIgniter\Session\Exceptions\SessionException: Session: Configured save path "C:\Users\INFINIX\OneDrive\PWL\projek\writable\session" is not writable by the PHP process.
in SYSTEMPATH\Session\Handlers\FileHandler.php on line 101.
 1 SYSTEMPATH\Session\Handlers\FileHandler.php(101): CodeIgniter\Session\Exceptions\SessionException::forWriteProtectedSavePath('C:\\Users\\INFINIX\\OneDrive\\PWL\\projek\\writable\\session')
 2 [internal function]: CodeIgniter\Session\Handlers\FileHandler->open('C:\\Users\\INFINIX\\OneDrive\\PWL\\projek\\writable\\session', 'ci_session')
 3 SYSTEMPATH\Session\Session.php(919): session_start()
 4 SYSTEMPATH\Session\Session.php(241): CodeIgniter\Session\Session->startSession()
 5 SYSTEMPATH\Config\Services.php(693): CodeIgniter\Session\Session->start()
 6 SYSTEMPATH\Config\BaseService.php(258): CodeIgniter\Config\Services::session(Object(Config\Session), false)
 7 SYSTEMPATH\Config\BaseService.php(199): CodeIgniter\Config\BaseService::__callStatic('session', [...])
 8 SYSTEMPATH\Config\Services.php(664): CodeIgniter\Config\BaseService::getSharedInstance('session', null)
 9 SYSTEMPATH\Config\BaseService.php(258): CodeIgniter\Config\Services::session()
10 SYSTEMPATH\Common.php(982): CodeIgniter\Config\BaseService::__callStatic('session', [])
11 APPPATH\Filters\Auth.php(14): session()
12 SYSTEMPATH\Filters\Filters.php(182): App\Filters\Auth->before(Object(CodeIgniter\HTTP\IncomingRequest), null)
13 SYSTEMPATH\CodeIgniter.php(474): CodeIgniter\Filters\Filters->run('', 'before')
14 SYSTEMPATH\CodeIgniter.php(361): CodeIgniter\CodeIgniter->handleRequest(null, Object(Config\Cache), false)
15 FCPATH\index.php(79): CodeIgniter\CodeIgniter->run()
16 SYSTEMPATH\Commands\Server\rewrite.php(47): require_once('C:\\Users\\INFINIX\\OneDrive\\PWL\\projek\\public\\index.php')
CRITICAL - 2025-05-09 14:46:51 --> CodeIgniter\Session\Exceptions\SessionException: Session: Configured save path "C:\Users\INFINIX\OneDrive\PWL\projek\writable\session" is not writable by the PHP process.
in SYSTEMPATH\Session\Handlers\FileHandler.php on line 101.
 1 SYSTEMPATH\Session\Handlers\FileHandler.php(101): CodeIgniter\Session\Exceptions\SessionException::forWriteProtectedSavePath('C:\\Users\\INFINIX\\OneDrive\\PWL\\projek\\writable\\session')
 2 [internal function]: CodeIgniter\Session\Handlers\FileHandler->open('C:\\Users\\INFINIX\\OneDrive\\PWL\\projek\\writable\\session', 'ci_session')
 3 SYSTEMPATH\Session\Session.php(919): session_start()
 4 SYSTEMPATH\Session\Session.php(241): CodeIgniter\Session\Session->startSession()
 5 SYSTEMPATH\Config\Services.php(693): CodeIgniter\Session\Session->start()
 6 SYSTEMPATH\Config\BaseService.php(258): CodeIgniter\Config\Services::session(Object(Config\Session), false)
 7 SYSTEMPATH\Config\BaseService.php(199): CodeIgniter\Config\BaseService::__callStatic('session', [...])
 8 SYSTEMPATH\Config\Services.php(664): CodeIgniter\Config\BaseService::getSharedInstance('session', null)
 9 SYSTEMPATH\Config\BaseService.php(258): CodeIgniter\Config\Services::session()
10 SYSTEMPATH\Common.php(982): CodeIgniter\Config\BaseService::__callStatic('session', [])
11 APPPATH\Views\v_login.php(38): session()
12 SYSTEMPATH\View\View.php(228): include('C:\\Users\\INFINIX\\OneDrive\\PWL\\projek\\app\\Views\\v_login.php')
13 SYSTEMPATH\View\View.php(231): CodeIgniter\View\View->CodeIgniter\View\{closure}()
14 SYSTEMPATH\Common.php(1178): CodeIgniter\View\View->render('v_login', [], true)
15 APPPATH\Controllers\AuthController.php(41): view('v_login')
16 SYSTEMPATH\CodeIgniter.php(941): App\Controllers\AuthController->login()
17 SYSTEMPATH\CodeIgniter.php(502): CodeIgniter\CodeIgniter->runController(Object(App\Controllers\AuthController))
18 SYSTEMPATH\CodeIgniter.php(361): CodeIgniter\CodeIgniter->handleRequest(null, Object(Config\Cache), false)
19 FCPATH\index.php(79): CodeIgniter\CodeIgniter->run()
20 SYSTEMPATH\Commands\Server\rewrite.php(47): require_once('C:\\Users\\INFINIX\\OneDrive\\PWL\\projek\\public\\index.php')
CRITICAL - 2025-05-09 14:46:54 --> CodeIgniter\Session\Exceptions\SessionException: Session: Configured save path "C:\Users\INFINIX\OneDrive\PWL\projek\writable\session" is not writable by the PHP process.
in SYSTEMPATH\Session\Handlers\FileHandler.php on line 101.
 1 SYSTEMPATH\Session\Handlers\FileHandler.php(101): CodeIgniter\Session\Exceptions\SessionException::forWriteProtectedSavePath('C:\\Users\\INFINIX\\OneDrive\\PWL\\projek\\writable\\session')
 2 [internal function]: CodeIgniter\Session\Handlers\FileHandler->open('C:\\Users\\INFINIX\\OneDrive\\PWL\\projek\\writable\\session', 'ci_session')
 3 SYSTEMPATH\Session\Session.php(919): session_start()
 4 SYSTEMPATH\Session\Session.php(241): CodeIgniter\Session\Session->startSession()
 5 SYSTEMPATH\Config\Services.php(693): CodeIgniter\Session\Session->start()
 6 SYSTEMPATH\Config\BaseService.php(258): CodeIgniter\Config\Services::session(Object(Config\Session), false)
 7 SYSTEMPATH\Config\BaseService.php(199): CodeIgniter\Config\BaseService::__callStatic('session', [...])
 8 SYSTEMPATH\Config\Services.php(664): CodeIgniter\Config\BaseService::getSharedInstance('session', null)
 9 SYSTEMPATH\Config\BaseService.php(258): CodeIgniter\Config\Services::session()
10 SYSTEMPATH\Common.php(982): CodeIgniter\Config\BaseService::__callStatic('session', [])
11 APPPATH\Views\v_login.php(38): session()
12 SYSTEMPATH\View\View.php(228): include('C:\\Users\\INFINIX\\OneDrive\\PWL\\projek\\app\\Views\\v_login.php')
13 SYSTEMPATH\View\View.php(231): CodeIgniter\View\View->CodeIgniter\View\{closure}()
14 SYSTEMPATH\Common.php(1178): CodeIgniter\View\View->render('v_login', [], true)
15 APPPATH\Controllers\AuthController.php(41): view('v_login')
16 SYSTEMPATH\CodeIgniter.php(941): App\Controllers\AuthController->login()
17 SYSTEMPATH\CodeIgniter.php(502): CodeIgniter\CodeIgniter->runController(Object(App\Controllers\AuthController))
18 SYSTEMPATH\CodeIgniter.php(361): CodeIgniter\CodeIgniter->handleRequest(null, Object(Config\Cache), false)
19 FCPATH\index.php(79): CodeIgniter\CodeIgniter->run()
20 SYSTEMPATH\Commands\Server\rewrite.php(47): require_once('C:\\Users\\INFINIX\\OneDrive\\PWL\\projek\\public\\index.php')
CRITICAL - 2025-05-09 14:47:51 --> CodeIgniter\Session\Exceptions\SessionException: Session: Configured save path "C:\Users\INFINIX\OneDrive\PWL\projek\writable\session" is not writable by the PHP process.
in SYSTEMPATH\Session\Handlers\FileHandler.php on line 101.
 1 SYSTEMPATH\Session\Handlers\FileHandler.php(101): CodeIgniter\Session\Exceptions\SessionException::forWriteProtectedSavePath('C:\\Users\\INFINIX\\OneDrive\\PWL\\projek\\writable\\session')
 2 [internal function]: CodeIgniter\Session\Handlers\FileHandler->open('C:\\Users\\INFINIX\\OneDrive\\PWL\\projek\\writable\\session', 'ci_session')
 3 SYSTEMPATH\Session\Session.php(919): session_start()
 4 SYSTEMPATH\Session\Session.php(241): CodeIgniter\Session\Session->startSession()
 5 SYSTEMPATH\Config\Services.php(693): CodeIgniter\Session\Session->start()
 6 SYSTEMPATH\Config\BaseService.php(258): CodeIgniter\Config\Services::session(Object(Config\Session), false)
 7 SYSTEMPATH\Config\BaseService.php(199): CodeIgniter\Config\BaseService::__callStatic('session', [...])
 8 SYSTEMPATH\Config\Services.php(664): CodeIgniter\Config\BaseService::getSharedInstance('session', null)
 9 SYSTEMPATH\Config\BaseService.php(258): CodeIgniter\Config\Services::session()
10 SYSTEMPATH\Common.php(982): CodeIgniter\Config\BaseService::__callStatic('session', [])
11 APPPATH\Filters\Auth.php(14): session()
12 SYSTEMPATH\Filters\Filters.php(182): App\Filters\Auth->before(Object(CodeIgniter\HTTP\IncomingRequest), null)
13 SYSTEMPATH\CodeIgniter.php(474): CodeIgniter\Filters\Filters->run('', 'before')
14 SYSTEMPATH\CodeIgniter.php(361): CodeIgniter\CodeIgniter->handleRequest(null, Object(Config\Cache), false)
15 FCPATH\index.php(79): CodeIgniter\CodeIgniter->run()
16 SYSTEMPATH\Commands\Server\rewrite.php(47): require_once('C:\\Users\\INFINIX\\OneDrive\\PWL\\projek\\public\\index.php')
CRITICAL - 2025-05-09 14:50:06 --> CodeIgniter\Session\Exceptions\SessionException: Session: Configured save path "C:\Users\INFINIX\OneDrive\PWL\projek\writable\session" is not writable by the PHP process.
in SYSTEMPATH\Session\Handlers\FileHandler.php on line 101.
 1 SYSTEMPATH\Session\Handlers\FileHandler.php(101): CodeIgniter\Session\Exceptions\SessionException::forWriteProtectedSavePath('C:\\Users\\INFINIX\\OneDrive\\PWL\\projek\\writable\\session')
 2 [internal function]: CodeIgniter\Session\Handlers\FileHandler->open('C:\\Users\\INFINIX\\OneDrive\\PWL\\projek\\writable\\session', 'ci_session')
 3 SYSTEMPATH\Session\Session.php(919): session_start()
 4 SYSTEMPATH\Session\Session.php(241): CodeIgniter\Session\Session->startSession()
 5 SYSTEMPATH\Config\Services.php(693): CodeIgniter\Session\Session->start()
 6 SYSTEMPATH\Config\BaseService.php(258): CodeIgniter\Config\Services::session(Object(Config\Session), false)
 7 SYSTEMPATH\Config\BaseService.php(199): CodeIgniter\Config\BaseService::__callStatic('session', [...])
 8 SYSTEMPATH\Config\Services.php(664): CodeIgniter\Config\BaseService::getSharedInstance('session', null)
 9 SYSTEMPATH\Config\BaseService.php(258): CodeIgniter\Config\Services::session()
10 SYSTEMPATH\Common.php(982): CodeIgniter\Config\BaseService::__callStatic('session', [])
11 APPPATH\Filters\Auth.php(14): session()
12 SYSTEMPATH\Filters\Filters.php(182): App\Filters\Auth->before(Object(CodeIgniter\HTTP\IncomingRequest), null)
13 SYSTEMPATH\CodeIgniter.php(474): CodeIgniter\Filters\Filters->run('', 'before')
14 SYSTEMPATH\CodeIgniter.php(361): CodeIgniter\CodeIgniter->handleRequest(null, Object(Config\Cache), false)
15 FCPATH\index.php(79): CodeIgniter\CodeIgniter->run()
16 SYSTEMPATH\Commands\Server\rewrite.php(47): require_once('C:\\Users\\INFINIX\\OneDrive\\PWL\\projek\\public\\index.php')
CRITICAL - 2025-05-09 14:53:45 --> CodeIgniter\Session\Exceptions\SessionException: Session: Configured save path "C:\Users\INFINIX\OneDrive\PWL\projek\writable\session" is not writable by the PHP process.
in SYSTEMPATH\Session\Handlers\FileHandler.php on line 101.
 1 SYSTEMPATH\Session\Handlers\FileHandler.php(101): CodeIgniter\Session\Exceptions\SessionException::forWriteProtectedSavePath('C:\\Users\\INFINIX\\OneDrive\\PWL\\projek\\writable\\session')
 2 [internal function]: CodeIgniter\Session\Handlers\FileHandler->open('C:\\Users\\INFINIX\\OneDrive\\PWL\\projek\\writable\\session', 'ci_session')
 3 SYSTEMPATH\Session\Session.php(919): session_start()
 4 SYSTEMPATH\Session\Session.php(241): CodeIgniter\Session\Session->startSession()
 5 SYSTEMPATH\Config\Services.php(693): CodeIgniter\Session\Session->start()
 6 SYSTEMPATH\Config\BaseService.php(258): CodeIgniter\Config\Services::session(Object(Config\Session), false)
 7 SYSTEMPATH\Config\BaseService.php(199): CodeIgniter\Config\BaseService::__callStatic('session', [...])
 8 SYSTEMPATH\Config\Services.php(664): CodeIgniter\Config\BaseService::getSharedInstance('session', null)
 9 SYSTEMPATH\Config\BaseService.php(258): CodeIgniter\Config\Services::session()
10 SYSTEMPATH\Common.php(982): CodeIgniter\Config\BaseService::__callStatic('session', [])
11 APPPATH\Filters\Auth.php(14): session()
12 SYSTEMPATH\Filters\Filters.php(182): App\Filters\Auth->before(Object(CodeIgniter\HTTP\IncomingRequest), null)
13 SYSTEMPATH\CodeIgniter.php(474): CodeIgniter\Filters\Filters->run('', 'before')
14 SYSTEMPATH\CodeIgniter.php(361): CodeIgniter\CodeIgniter->handleRequest(null, Object(Config\Cache), false)
15 FCPATH\index.php(79): CodeIgniter\CodeIgniter->run()
16 SYSTEMPATH\Commands\Server\rewrite.php(47): require_once('C:\\Users\\INFINIX\\OneDrive\\PWL\\projek\\public\\index.php')
CRITICAL - 2025-05-09 14:53:53 --> CodeIgniter\Session\Exceptions\SessionException: Session: Configured save path "C:\Users\INFINIX\OneDrive\PWL\projek\writable\session" is not writable by the PHP process.
in SYSTEMPATH\Session\Handlers\FileHandler.php on line 101.
 1 SYSTEMPATH\Session\Handlers\FileHandler.php(101): CodeIgniter\Session\Exceptions\SessionException::forWriteProtectedSavePath('C:\\Users\\INFINIX\\OneDrive\\PWL\\projek\\writable\\session')
 2 [internal function]: CodeIgniter\Session\Handlers\FileHandler->open('C:\\Users\\INFINIX\\OneDrive\\PWL\\projek\\writable\\session', 'ci_session')
 3 SYSTEMPATH\Session\Session.php(919): session_start()
 4 SYSTEMPATH\Session\Session.php(241): CodeIgniter\Session\Session->startSession()
 5 SYSTEMPATH\Config\Services.php(693): CodeIgniter\Session\Session->start()
 6 SYSTEMPATH\Config\BaseService.php(258): CodeIgniter\Config\Services::session(Object(Config\Session), false)
 7 SYSTEMPATH\Config\BaseService.php(199): CodeIgniter\Config\BaseService::__callStatic('session', [...])
 8 SYSTEMPATH\Config\Services.php(664): CodeIgniter\Config\BaseService::getSharedInstance('session', null)
 9 SYSTEMPATH\Config\BaseService.php(258): CodeIgniter\Config\Services::session()
10 SYSTEMPATH\Common.php(982): CodeIgniter\Config\BaseService::__callStatic('session', [])
11 APPPATH\Filters\Auth.php(14): session()
12 SYSTEMPATH\Filters\Filters.php(182): App\Filters\Auth->before(Object(CodeIgniter\HTTP\IncomingRequest), null)
13 SYSTEMPATH\CodeIgniter.php(474): CodeIgniter\Filters\Filters->run('', 'before')
14 SYSTEMPATH\CodeIgniter.php(361): CodeIgniter\CodeIgniter->handleRequest(null, Object(Config\Cache), false)
15 FCPATH\index.php(79): CodeIgniter\CodeIgniter->run()
16 SYSTEMPATH\Commands\Server\rewrite.php(47): require_once('C:\\Users\\INFINIX\\OneDrive\\PWL\\projek\\public\\index.php')
CRITICAL - 2025-05-09 14:56:21 --> CodeIgniter\Session\Exceptions\SessionException: Session: Configured save path "C:\Users\INFINIX\Documents\projekPWL\writable\session" is not writable by the PHP process.
in SYSTEMPATH\Session\Handlers\FileHandler.php on line 101.
 1 SYSTEMPATH\Session\Handlers\FileHandler.php(101): CodeIgniter\Session\Exceptions\SessionException::forWriteProtectedSavePath('C:\\Users\\INFINIX\\Documents\\projekPWL\\writable\\session')
 2 [internal function]: CodeIgniter\Session\Handlers\FileHandler->open('C:\\Users\\INFINIX\\Documents\\projekPWL\\writable\\session', 'ci_session')
 3 SYSTEMPATH\Session\Session.php(919): session_start()
 4 SYSTEMPATH\Session\Session.php(241): CodeIgniter\Session\Session->startSession()
 5 SYSTEMPATH\Config\Services.php(693): CodeIgniter\Session\Session->start()
 6 SYSTEMPATH\Config\BaseService.php(258): CodeIgniter\Config\Services::session(Object(Config\Session), false)
 7 SYSTEMPATH\Config\BaseService.php(199): CodeIgniter\Config\BaseService::__callStatic('session', [...])
 8 SYSTEMPATH\Config\Services.php(664): CodeIgniter\Config\BaseService::getSharedInstance('session', null)
 9 SYSTEMPATH\Config\BaseService.php(258): CodeIgniter\Config\Services::session()
10 SYSTEMPATH\Common.php(982): CodeIgniter\Config\BaseService::__callStatic('session', [])
11 APPPATH\Filters\Auth.php(14): session()
12 SYSTEMPATH\Filters\Filters.php(182): App\Filters\Auth->before(Object(CodeIgniter\HTTP\IncomingRequest), null)
13 SYSTEMPATH\CodeIgniter.php(474): CodeIgniter\Filters\Filters->run('', 'before')
14 SYSTEMPATH\CodeIgniter.php(361): CodeIgniter\CodeIgniter->handleRequest(null, Object(Config\Cache), false)
15 FCPATH\index.php(79): CodeIgniter\CodeIgniter->run()
16 SYSTEMPATH\Commands\Server\rewrite.php(47): require_once('C:\\Users\\INFINIX\\Documents\\projekPWL\\public\\index.php')
CRITICAL - 2025-05-09 14:56:26 --> CodeIgniter\Session\Exceptions\SessionException: Session: Configured save path "C:\Users\INFINIX\Documents\projekPWL\writable\session" is not writable by the PHP process.
in SYSTEMPATH\Session\Handlers\FileHandler.php on line 101.
 1 SYSTEMPATH\Session\Handlers\FileHandler.php(101): CodeIgniter\Session\Exceptions\SessionException::forWriteProtectedSavePath('C:\\Users\\INFINIX\\Documents\\projekPWL\\writable\\session')
 2 [internal function]: CodeIgniter\Session\Handlers\FileHandler->open('C:\\Users\\INFINIX\\Documents\\projekPWL\\writable\\session', 'ci_session')
 3 SYSTEMPATH\Session\Session.php(919): session_start()
 4 SYSTEMPATH\Session\Session.php(241): CodeIgniter\Session\Session->startSession()
 5 SYSTEMPATH\Config\Services.php(693): CodeIgniter\Session\Session->start()
 6 SYSTEMPATH\Config\BaseService.php(258): CodeIgniter\Config\Services::session(Object(Config\Session), false)
 7 SYSTEMPATH\Config\BaseService.php(199): CodeIgniter\Config\BaseService::__callStatic('session', [...])
 8 SYSTEMPATH\Config\Services.php(664): CodeIgniter\Config\BaseService::getSharedInstance('session', null)
 9 SYSTEMPATH\Config\BaseService.php(258): CodeIgniter\Config\Services::session()
10 SYSTEMPATH\Common.php(982): CodeIgniter\Config\BaseService::__callStatic('session', [])
11 APPPATH\Filters\Auth.php(14): session()
12 SYSTEMPATH\Filters\Filters.php(182): App\Filters\Auth->before(Object(CodeIgniter\HTTP\IncomingRequest), null)
13 SYSTEMPATH\CodeIgniter.php(474): CodeIgniter\Filters\Filters->run('', 'before')
14 SYSTEMPATH\CodeIgniter.php(361): CodeIgniter\CodeIgniter->handleRequest(null, Object(Config\Cache), false)
15 FCPATH\index.php(79): CodeIgniter\CodeIgniter->run()
16 SYSTEMPATH\Commands\Server\rewrite.php(47): require_once('C:\\Users\\INFINIX\\Documents\\projekPWL\\public\\index.php')
CRITICAL - 2025-05-09 14:56:32 --> CodeIgniter\Session\Exceptions\SessionException: Session: Configured save path "C:\Users\INFINIX\Documents\projekPWL\writable\session" is not writable by the PHP process.
in SYSTEMPATH\Session\Handlers\FileHandler.php on line 101.
 1 SYSTEMPATH\Session\Handlers\FileHandler.php(101): CodeIgniter\Session\Exceptions\SessionException::forWriteProtectedSavePath('C:\\Users\\INFINIX\\Documents\\projekPWL\\writable\\session')
 2 [internal function]: CodeIgniter\Session\Handlers\FileHandler->open('C:\\Users\\INFINIX\\Documents\\projekPWL\\writable\\session', 'ci_session')
 3 SYSTEMPATH\Session\Session.php(919): session_start()
 4 SYSTEMPATH\Session\Session.php(241): CodeIgniter\Session\Session->startSession()
 5 SYSTEMPATH\Config\Services.php(693): CodeIgniter\Session\Session->start()
 6 SYSTEMPATH\Config\BaseService.php(258): CodeIgniter\Config\Services::session(Object(Config\Session), false)
 7 SYSTEMPATH\Config\BaseService.php(199): CodeIgniter\Config\BaseService::__callStatic('session', [...])
 8 SYSTEMPATH\Config\Services.php(664): CodeIgniter\Config\BaseService::getSharedInstance('session', null)
 9 SYSTEMPATH\Config\BaseService.php(258): CodeIgniter\Config\Services::session()
10 SYSTEMPATH\Common.php(982): CodeIgniter\Config\BaseService::__callStatic('session', [])
11 APPPATH\Filters\Auth.php(14): session()
12 SYSTEMPATH\Filters\Filters.php(182): App\Filters\Auth->before(Object(CodeIgniter\HTTP\IncomingRequest), null)
13 SYSTEMPATH\CodeIgniter.php(474): CodeIgniter\Filters\Filters->run('', 'before')
14 SYSTEMPATH\CodeIgniter.php(361): CodeIgniter\CodeIgniter->handleRequest(null, Object(Config\Cache), false)
15 FCPATH\index.php(79): CodeIgniter\CodeIgniter->run()
16 SYSTEMPATH\Commands\Server\rewrite.php(47): require_once('C:\\Users\\INFINIX\\Documents\\projekPWL\\public\\index.php')
CRITICAL - 2025-05-09 15:00:28 --> CodeIgniter\Session\Exceptions\SessionException: Session: Configured save path "C:\Users\INFINIX\Documents\projekPWL\writable\session" is not writable by the PHP process.
in SYSTEMPATH\Session\Handlers\FileHandler.php on line 101.
 1 SYSTEMPATH\Session\Handlers\FileHandler.php(101): CodeIgniter\Session\Exceptions\SessionException::forWriteProtectedSavePath('C:\\Users\\INFINIX\\Documents\\projekPWL\\writable\\session')
 2 [internal function]: CodeIgniter\Session\Handlers\FileHandler->open('C:\\Users\\INFINIX\\Documents\\projekPWL\\writable\\session', 'ci_session')
 3 SYSTEMPATH\Session\Session.php(919): session_start()
 4 SYSTEMPATH\Session\Session.php(241): CodeIgniter\Session\Session->startSession()
 5 SYSTEMPATH\Config\Services.php(693): CodeIgniter\Session\Session->start()
 6 SYSTEMPATH\Config\BaseService.php(258): CodeIgniter\Config\Services::session(Object(Config\Session), false)
 7 SYSTEMPATH\Config\BaseService.php(199): CodeIgniter\Config\BaseService::__callStatic('session', [...])
 8 SYSTEMPATH\Config\Services.php(664): CodeIgniter\Config\BaseService::getSharedInstance('session', null)
 9 SYSTEMPATH\Config\BaseService.php(258): CodeIgniter\Config\Services::session()
10 SYSTEMPATH\Common.php(982): CodeIgniter\Config\BaseService::__callStatic('session', [])
11 APPPATH\Filters\Auth.php(14): session()
12 SYSTEMPATH\Filters\Filters.php(182): App\Filters\Auth->before(Object(CodeIgniter\HTTP\IncomingRequest), null)
13 SYSTEMPATH\CodeIgniter.php(474): CodeIgniter\Filters\Filters->run('', 'before')
14 SYSTEMPATH\CodeIgniter.php(361): CodeIgniter\CodeIgniter->handleRequest(null, Object(Config\Cache), false)
15 FCPATH\index.php(79): CodeIgniter\CodeIgniter->run()
16 SYSTEMPATH\Commands\Server\rewrite.php(47): require_once('C:\\Users\\INFINIX\\Documents\\projekPWL\\public\\index.php')
INFO - 2025-05-09 15:04:28 --> Session: Class initialized using 'CodeIgniter\Session\Handlers\FileHandler' driver.
INFO - 2025-05-09 15:04:28 --> Session: Class initialized using 'CodeIgniter\Session\Handlers\FileHandler' driver.
INFO - 2025-05-09 15:05:18 --> Session: Class initialized using 'CodeIgniter\Session\Handlers\FileHandler' driver.
INFO - 2025-05-09 15:05:18 --> Session: Class initialized using 'CodeIgniter\Session\Handlers\FileHandler' driver.
INFO - 2025-05-09 15:05:30 --> Session: Class initialized using 'CodeIgniter\Session\Handlers\FileHandler' driver.
INFO - 2025-05-09 15:05:31 --> Session: Class initialized using 'CodeIgniter\Session\Handlers\FileHandler' driver.
INFO - 2025-05-09 15:05:36 --> Session: Class initialized using 'CodeIgniter\Session\Handlers\FileHandler' driver.
INFO - 2025-05-09 15:05:43 --> Session: Class initialized using 'CodeIgniter\Session\Handlers\FileHandler' driver.
INFO - 2025-05-09 15:05:47 --> Session: Class initialized using 'CodeIgniter\Session\Handlers\FileHandler' driver.
INFO - 2025-05-09 15:05:49 --> Session: Class initialized using 'CodeIgniter\Session\Handlers\FileHandler' driver.
INFO - 2025-05-09 15:05:58 --> Session: Class initialized using 'CodeIgniter\Session\Handlers\FileHandler' driver.
INFO - 2025-05-09 15:06:05 --> Session: Class initialized using 'CodeIgniter\Session\Handlers\FileHandler' driver.
INFO - 2025-05-09 15:06:06 --> Session: Class initialized using 'CodeIgniter\Session\Handlers\FileHandler' driver.
INFO - 2025-05-09 16:57:37 --> Session: Class initialized using 'CodeIgniter\Session\Handlers\FileHandler' driver.
INFO - 2025-05-09 16:57:37 --> Session: Class initialized using 'CodeIgniter\Session\Handlers\FileHandler' driver.
INFO - 2025-05-09 16:58:20 --> Session: Class initialized using 'CodeIgniter\Session\Handlers\FileHandler' driver.
INFO - 2025-05-09 16:58:20 --> Session: Class initialized using 'CodeIgniter\Session\Handlers\FileHandler' driver.
INFO - 2025-05-09 16:58:31 --> Session: Class initialized using 'CodeIgniter\Session\Handlers\FileHandler' driver.
INFO - 2025-05-09 16:58:35 --> Session: Class initialized using 'CodeIgniter\Session\Handlers\FileHandler' driver.
INFO - 2025-05-09 16:58:38 --> Session: Class initialized using 'CodeIgniter\Session\Handlers\FileHandler' driver.
